# JRE version: OpenJDK Runtime Environment (8.0_282-b08) (build 1.8.0_282-b08)
# Java VM: OpenJDK 64-Bit Server VM (25.282-b08 mixed mode windows-amd64 compressed oops)
Heap:
 PSYoungGen      total 305664K, used 61726K [0x000000066af00000, 0x0000000680400000, 0x00000007c0000000)
  eden space 262144K, 20% used [0x000000066af00000,0x000000066e31f118,0x000000067af00000)
  from space 43520K, 19% used [0x000000067af00000,0x000000067b728740,0x000000067d980000)
  to   space 43520K, 0% used [0x000000067d980000,0x000000067d980000,0x0000000680400000)
 ParOldGen       total 435200K, used 8121K [0x00000003c0c00000, 0x00000003db500000, 0x000000066af00000)
  object space 435200K, 1% used [0x00000003c0c00000,0x00000003c13ee7e8,0x00000003db500000)
 Metaspace       used 15487K, capacity 16304K, committed 22784K, reserved 1069056K
  class space    used 1718K, capacity 1924K, committed 3840K, reserved 1048576K
GC Heap History (8 events):
Event: 0.806 GC heap before
{Heap before GC invocations=1 (full 0):
 PSYoungGen      total 305664K, used 262144K [0x000000066af00000, 0x0000000680400000, 0x00000007c0000000)
  eden space 262144K, 100% used [0x000000066af00000,0x000000067af00000,0x000000067af00000)
  from space 43520K, 0% used [0x000000067d980000,0x000000067d980000,0x0000000680400000)
  to   space 43520K, 0% used [0x000000067af00000,0x000000067af00000,0x000000067d980000)
 ParOldGen       total 699392K, used 0K [0x00000003c0c00000, 0x00000003eb700000, 0x000000066af00000)
  object space 699392K, 0% used [0x00000003c0c00000,0x00000003c0c00000,0x00000003eb700000)
 Metaspace       used 9991K, capacity 10372K, committed 10624K, reserved 1058816K
  class space    used 1160K, capacity 1292K, committed 1408K, reserved 1048576K
Event: 0.812 GC heap after
Heap after GC invocations=1 (full 0):
 PSYoungGen      total 305664K, used 6797K [0x000000066af00000, 0x0000000680400000, 0x00000007c0000000)
  eden space 262144K, 0% used [0x000000066af00000,0x000000066af00000,0x000000067af00000)
  from space 43520K, 15% used [0x000000067af00000,0x000000067b5a3528,0x000000067d980000)
  to   space 43520K, 0% used [0x000000067d980000,0x000000067d980000,0x0000000680400000)
 ParOldGen       total 699392K, used 16K [0x00000003c0c00000, 0x00000003eb700000, 0x000000066af00000)
  object space 699392K, 0% used [0x00000003c0c00000,0x00000003c0c04000,0x00000003eb700000)
 Metaspace       used 9991K, capacity 10372K, committed 10624K, reserved 1058816K
  class space    used 1160K, capacity 1292K, committed 1408K, reserved 1048576K
}
Event: 2.722 GC heap before
{Heap before GC invocations=2 (full 0):
 PSYoungGen      total 305664K, used 146736K [0x000000066af00000, 0x0000000680400000, 0x00000007c0000000)
  eden space 262144K, 53% used [0x000000066af00000,0x00000006737a8e70,0x000000067af00000)
  from space 43520K, 15% used [0x000000067af00000,0x000000067b5a3528,0x000000067d980000)
  to   space 43520K, 0% used [0x000000067d980000,0x000000067d980000,0x0000000680400000)
 ParOldGen       total 699392K, used 16K [0x00000003c0c00000, 0x00000003eb700000, 0x000000066af00000)
  object space 699392K, 0% used [0x00000003c0c00000,0x00000003c0c04000,0x00000003eb700000)
 Metaspace       used 16897K, capacity 21256K, committed 21296K, reserved 1067008K
  class space    used 2757K, capacity 3690K, committed 3712K, reserved 1048576K
Event: 2.730 GC heap after
Heap after GC invocations=2 (full 0):
 PSYoungGen      total 305664K, used 9150K [0x000000066af00000, 0x0000000680400000, 0x00000007c0000000)
  eden space 262144K, 0% used [0x000000066af00000,0x000000066af00000,0x000000067af00000)
  from space 43520K, 21% used [0x000000067d980000,0x000000067e26fb98,0x0000000680400000)
  to   space 43520K, 0% used [0x000000067af00000,0x000000067af00000,0x000000067d980000)
 ParOldGen       total 699392K, used 32K [0x00000003c0c00000, 0x00000003eb700000, 0x000000066af00000)
  object space 699392K, 0% used [0x00000003c0c00000,0x00000003c0c08000,0x00000003eb700000)
 Metaspace       used 16897K, capacity 21256K, committed 21296K, reserved 1067008K
  class space    used 2757K, capacity 3690K, committed 3712K, reserved 1048576K
}
Event: 2.730 GC heap before
{Heap before GC invocations=3 (full 1):
 PSYoungGen      total 305664K, used 9150K [0x000000066af00000, 0x0000000680400000, 0x00000007c0000000)
  eden space 262144K, 0% used [0x000000066af00000,0x000000066af00000,0x000000067af00000)
  from space 43520K, 21% used [0x000000067d980000,0x000000067e26fb98,0x0000000680400000)
  to   space 43520K, 0% used [0x000000067af00000,0x000000067af00000,0x000000067d980000)
 ParOldGen       total 699392K, used 32K [0x00000003c0c00000, 0x00000003eb700000, 0x000000066af00000)
  object space 699392K, 0% used [0x00000003c0c00000,0x00000003c0c08000,0x00000003eb700000)
 Metaspace       used 16897K, capacity 21256K, committed 21296K, reserved 1067008K
  class space    used 2757K, capacity 3690K, committed 3712K, reserved 1048576K
Event: 2.757 GC heap after
Heap after GC invocations=3 (full 1):
 PSYoungGen      total 305664K, used 0K [0x000000066af00000, 0x0000000680400000, 0x00000007c0000000)
  eden space 262144K, 0% used [0x000000066af00000,0x000000066af00000,0x000000067af00000)
  from space 43520K, 0% used [0x000000067d980000,0x000000067d980000,0x0000000680400000)
  to   space 43520K, 0% used [0x000000067af00000,0x000000067af00000,0x000000067d980000)
 ParOldGen       total 435200K, used 8113K [0x00000003c0c00000, 0x00000003db500000, 0x000000066af00000)
  object space 435200K, 1% used [0x00000003c0c00000,0x00000003c13ec7e8,0x00000003db500000)
 Metaspace       used 14000K, capacity 14682K, committed 21296K, reserved 1067008K
  class space    used 1673K, capacity 1849K, committed 3712K, reserved 1048576K
}
Event: 43.883 GC heap before
{Heap before GC invocations=4 (full 1):
 PSYoungGen      total 305664K, used 262144K [0x000000066af00000, 0x0000000680400000, 0x00000007c0000000)
  eden space 262144K, 100% used [0x000000066af00000,0x000000067af00000,0x000000067af00000)
  from space 43520K, 0% used [0x000000067d980000,0x000000067d980000,0x0000000680400000)
  to   space 43520K, 0% used [0x000000067af00000,0x000000067af00000,0x000000067d980000)
 ParOldGen       total 435200K, used 8113K [0x00000003c0c00000, 0x00000003db500000, 0x000000066af00000)
  object space 435200K, 1% used [0x00000003c0c00000,0x00000003c13ec7e8,0x00000003db500000)
 Metaspace       used 15174K, capacity 16008K, committed 22528K, reserved 1069056K
  class space    used 1718K, capacity 1924K, committed 3840K, reserved 1048576K
Event: 43.888 GC heap after
Heap after GC invocations=4 (full 1):
 PSYoungGen      total 305664K, used 8353K [0x000000066af00000, 0x0000000680400000, 0x00000007c0000000)
  eden space 262144K, 0% used [0x000000066af00000,0x000000066af00000,0x000000067af00000)
  from space 43520K, 19% used [0x000000067af00000,0x000000067b728740,0x000000067d980000)
  to   space 43520K, 0% used [0x000000067d980000,0x000000067d980000,0x0000000680400000)
 ParOldGen       total 435200K, used 8121K [0x00000003c0c00000, 0x00000003db500000, 0x000000066af00000)
  object space 435200K, 1% used [0x00000003c0c00000,0x00000003c13ee7e8,0x00000003db500000)
 Metaspace       used 15174K, capacity 16008K, committed 22528K, reserved 1069056K
  class space    used 1718K, capacity 1924K, committed 3840K, reserved 1048576K
}

